<?xml version="1.0" encoding="UTF-8"?>
<!-- Generated by org.testng.reporters.JUnitReportReporter -->
<testsuite hostname="DESKTOP-GS1DO0J" name="unitTest.VerifyDataProvider" tests="2" failures="0" timestamp="2 Sep 2018 05:42:25 GMT" time="0.054" errors="0">
  <testcase name="testConfig" time="0.004" classname="unitTest.VerifyDataProvider"/>
  <testcase name="testExcel" time="0.050" classname="unitTest.VerifyDataProvider"/>
</testsuite> <!-- unitTest.VerifyDataProvider -->
