<?xml version="1.0" encoding="UTF-8"?>
<!-- Generated by org.testng.reporters.JUnitReportReporter -->
<testsuite hostname="Chandani" name="restassured.Test1" tests="1" failures="0" timestamp="2 Jul 2018 17:40:08 GMT" time="1.908" errors="0">
  <testcase name="main1" time="1.908" classname="restassured.Test1"/>
</testsuite> <!-- restassured.Test1 -->
