<?xml version="1.0" encoding="UTF-8"?>
<!-- Generated by org.testng.reporters.JUnitReportReporter -->
<testsuite hostname="DESKTOP-GS1DO0J" name="unitTest.TestBrowserFactory" tests="1" failures="0" timestamp="2 Sep 2018 05:42:25 GMT" time="6.956" errors="0">
  <testcase name="checkBrowserInstance" time="6.956" classname="unitTest.TestBrowserFactory"/>
</testsuite> <!-- unitTest.TestBrowserFactory -->
